2025-04-01 06:10:49,797 - MicroViewClient - DEBUG - Debug logging enabled
2025-04-01 06:10:49,803 - root - INFO - Created metric 'http_requests_total' with type False and initial value 0
2025-04-01 06:12:28,871 - MicroViewClient - DEBUG - Debug logging enabled
2025-04-01 06:12:28,876 - MicroViewClient - INFO - Created metric 'http_requests_total' with type False and initial value 0
2025-04-01 06:12:28,876 - MicroViewClient - DEBUG - Shared memory name: microview-demo, Pointer address: 140670525349960
2025-04-01 06:13:44,756 - MicroViewClient - DEBUG - Debug logging enabled
2025-04-01 06:13:44,763 - MicroViewClient - INFO - Created metric 'http_requests_total' with type False and initial value 0
2025-04-01 06:13:44,763 - MicroViewClient - DEBUG - Shared memory name: microview-demo, Pointer address: 140013098983496
2025-04-01 06:13:44,767 - MicroViewClient - INFO - Created metric 'http_request_latency' with type True and initial value 0.0
2025-04-01 06:13:44,768 - MicroViewClient - DEBUG - Shared memory name: microview-demo, Pointer address: 140013098983576
2025-04-01 06:21:30,530 - MicroViewClient - INFO - Created metric 'http_requests_total' with type False and initial value 0
2025-04-01 06:23:57,811 - MicroViewClient - DEBUG - Debug logging enabled
2025-04-01 06:23:57,817 - MicroViewClient - INFO - Created metric 'http_requests_total' with type False and initial value 0
2025-04-01 06:23:57,817 - MicroViewClient - DEBUG - Shared memory name: microview-demo, Pointer address: 140656775520328
2025-04-01 06:23:57,822 - MicroViewClient - INFO - Created metric 'http_request_latency' with type True and initial value 0.0
2025-04-01 06:23:57,822 - MicroViewClient - DEBUG - Shared memory name: microview-demo, Pointer address: 140656775520408
2025-04-01 06:45:05,416 - MicroViewClient - DEBUG - Debug logging enabled
2025-04-01 06:46:08,164 - MicroViewClient - DEBUG - Debug logging enabled
2025-04-01 06:46:18,237 - MicroViewClient - DEBUG - Debug logging enabled
2025-04-01 07:05:33,360 - MicroViewClient - DEBUG - Debug logging enabled
2025-04-01 07:07:27,075 - MicroViewClient - DEBUG - Debug logging enabled
2025-04-01 07:12:40,856 - MicroViewClient - DEBUG - Debug logging enabled
2025-04-01 07:15:08,561 - MicroViewClient - DEBUG - Debug logging enabled
2025-04-01 07:15:08,567 - MicroViewClient - INFO - Created metric 'http_requests_total' with type False and initial value 0
2025-04-01 07:15:08,567 - MicroViewClient - DEBUG - Shared memory name: microview-demo, Pointer address: 72
2025-04-01 07:15:08,572 - MicroViewClient - INFO - Created metric 'http_request_latency' with type True and initial value 0.0
2025-04-01 07:15:08,572 - MicroViewClient - DEBUG - Shared memory name: microview-demo, Pointer address: 152
2025-04-01 07:22:24,232 - MicroViewClient - DEBUG - Debug logging enabled
2025-04-01 07:22:24,239 - MicroViewClient - INFO - Created metric 'http_requests_total' with type False and initial value 0
2025-04-01 07:22:24,242 - MicroViewClient - INFO - Created metric 'http_request_latency' with type True and initial value 0.0
2025-04-01 07:22:24,242 - MicroViewClient - INFO - Requests: 0.0, Latency: 0.0
2025-04-01 07:22:34,243 - MicroViewClient - INFO - Requests: 1.0, Latency: 0.1
2025-04-01 07:22:44,243 - MicroViewClient - INFO - Requests: 2.0, Latency: 0.2
2025-04-01 07:26:16,692 - MicroViewClient - DEBUG - Debug logging enabled
2025-04-01 07:26:16,698 - MicroViewClient - INFO - Created metric 'http_requests_total' with type False and initial value 0
2025-04-01 07:26:16,702 - MicroViewClient - INFO - Created metric 'http_request_latency' with type True and initial value 0.0
2025-04-01 07:26:16,703 - MicroViewClient - INFO - Requests: 0.0, Latency: 0.0
2025-04-01 07:26:26,703 - MicroViewClient - INFO - Requests: 1.0, Latency: 0.1
2025-04-01 07:26:31,000 - MicroViewClient - INFO - Closed shared memory resources
2025-04-01 07:38:37,378 - MicroViewClient - DEBUG - Debug logging enabled
2025-04-01 07:38:37,385 - MicroViewClient - INFO - Created metric 'http_requests_total' with type False and initial value 0
2025-04-01 07:38:37,387 - MicroViewClient - INFO - Created metric 'http_request_latency' with type True and initial value 0.0
2025-04-01 07:38:37,388 - MicroViewClient - INFO - Requests: 0.0, Latency: 0.0
2025-04-01 07:38:47,388 - MicroViewClient - INFO - Requests: 1.0, Latency: 0.1
2025-04-01 07:38:52,518 - MicroViewClient - INFO - Closed shared memory resources
2025-04-01 08:01:37,969 - MicroViewClient - DEBUG - Debug logging enabled
2025-04-01 08:01:37,975 - MicroViewClient - INFO - Created metric 'http_requests_total' with type False and initial value 0
2025-04-01 08:01:37,978 - MicroViewClient - INFO - Created metric 'http_request_latency' with type True and initial value 0.0
2025-04-01 08:01:37,978 - MicroViewClient - INFO - Requests: 0.0, Latency: 0.0
2025-04-01 08:01:47,979 - MicroViewClient - INFO - Requests: 1.0, Latency: 0.1
2025-04-01 08:01:57,979 - MicroViewClient - INFO - Requests: 2.0, Latency: 0.2
2025-04-01 08:02:07,980 - MicroViewClient - INFO - Requests: 3.0, Latency: 0.30000000000000004
2025-04-01 08:02:17,980 - MicroViewClient - INFO - Requests: 4.0, Latency: 0.4
2025-04-01 08:02:19,693 - MicroViewClient - INFO - Closed shared memory resources
2025-04-01 08:06:43,463 - MicroViewClient - DEBUG - Debug logging enabled
2025-04-01 08:07:25,809 - MicroViewClient - DEBUG - Debug logging enabled
2025-04-01 08:07:25,813 - MicroViewClient - INFO - Created metric 'http_requests_total' with type False and initial value 0
2025-04-01 08:07:25,816 - MicroViewClient - INFO - Created metric 'http_request_latency' with type True and initial value 0.0
2025-04-01 08:07:25,816 - MicroViewClient - INFO - Requests: 0.0, Latency: 0.0
2025-04-01 08:07:35,782 - MicroViewClient - INFO - Closed shared memory resources
2025-04-01 08:08:27,472 - MicroViewClient - DEBUG - Debug logging enabled
2025-04-01 08:08:27,476 - MicroViewClient - INFO - Created metric 'http_requests_total' with type False and initial value 0
2025-04-01 08:08:27,480 - MicroViewClient - INFO - Created metric 'http_request_latency' with type True and initial value 0.0
2025-04-01 08:08:27,480 - MicroViewClient - INFO - Requests: 0.0, Latency: 0.0
2025-04-01 08:08:32,409 - MicroViewClient - INFO - Closed shared memory resources
